{"F:\\My documents\\VSCodeFiles\\my_React-projects\\Technical Test - Idea Board\\Idea-Board\\IdeaBoard\\src\\App.tsx": {"path":"F:\\My documents\\VSCodeFiles\\my_React-projects\\Technical Test - Idea Board\\Idea-Board\\IdeaBoard\\src\\App.tsx","statementMap":{"0":{"start":{"line":1,"column":0},"end":{"line":1,"column":44}},"1":{"start":{"line":2,"column":0},"end":{"line":2,"column":47}},"2":{"start":{"line":3,"column":0},"end":{"line":3,"column":41}},"3":{"start":{"line":4,"column":0},"end":{"line":4,"column":36}},"4":{"start":{"line":15,"column":26},"end":{"line":15,"column":46}},"5":{"start":{"line":17,"column":2},"end":{"line":22,"column":16}},"6":{"start":{"line":18,"column":23},"end":{"line":18,"column":52}},"7":{"start":{"line":19,"column":4},"end":{"line":21,"column":null}},"8":{"start":{"line":20,"column":6},"end":{"line":20,"column":38}},"9":{"start":{"line":24,"column":2},"end":{"line":28,"column":13}},"10":{"start":{"line":25,"column":4},"end":{"line":27,"column":null}},"11":{"start":{"line":26,"column":6},"end":{"line":26,"column":58}},"12":{"start":{"line":30,"column":27},"end":{"line":42,"column":3}},"13":{"start":{"line":31,"column":20},"end":{"line":31,"column":44}},"14":{"start":{"line":32,"column":20},"end":{"line":38,"column":8}},"15":{"start":{"line":39,"column":20},"end":{"line":39,"column":39}},"16":{"start":{"line":40,"column":4},"end":{"line":40,"column":21}},"17":{"start":{"line":41,"column":4},"end":{"line":41,"column":48}},"18":{"start":{"line":44,"column":27},"end":{"line":50,"column":3}},"19":{"start":{"line":45,"column":24},"end":{"line":46,"column":null}},"20":{"start":{"line":46,"column":19},"end":{"line":46,"column":52}},"21":{"start":{"line":48,"column":4},"end":{"line":48,"column":25}},"22":{"start":{"line":49,"column":4},"end":{"line":49,"column":43}},"23":{"start":{"line":52,"column":25},"end":{"line":66,"column":3}},"24":{"start":{"line":57,"column":24},"end":{"line":57,"column":33}},"25":{"start":{"line":58,"column":4},"end":{"line":63,"column":6}},"26":{"start":{"line":64,"column":4},"end":{"line":64,"column":25}},"27":{"start":{"line":65,"column":4},"end":{"line":65,"column":48}},"28":{"start":{"line":68,"column":2},"end":{"line":78,"column":4}},"29":{"start":{"line":81,"column":0},"end":{"line":81,"column":19}}},"fnMap":{"0":{"name":"App","decl":{"start":{"line":14,"column":9},"end":{"line":14,"column":12}},"loc":{"start":{"line":14,"column":12},"end":{"line":79,"column":1}}},"1":{"name":"(anonymous_1)","decl":{"start":{"line":17,"column":12},"end":{"line":17,"column":15}},"loc":{"start":{"line":17,"column":17},"end":{"line":22,"column":3}}},"2":{"name":"(anonymous_2)","decl":{"start":{"line":24,"column":12},"end":{"line":24,"column":15}},"loc":{"start":{"line":24,"column":17},"end":{"line":28,"column":3}}},"3":{"name":"(anonymous_3)","decl":{"start":{"line":30,"column":27},"end":{"line":30,"column":28}},"loc":{"start":{"line":30,"column":66},"end":{"line":42,"column":3}}},"4":{"name":"(anonymous_4)","decl":{"start":{"line":44,"column":27},"end":{"line":44,"column":28}},"loc":{"start":{"line":44,"column":50},"end":{"line":50,"column":3}}},"5":{"name":"(anonymous_5)","decl":{"start":{"line":46,"column":6},"end":{"line":46,"column":7}},"loc":{"start":{"line":46,"column":19},"end":{"line":46,"column":52}}},"6":{"name":"(anonymous_6)","decl":{"start":{"line":52,"column":25},"end":{"line":52,"column":null}},"loc":{"start":{"line":56,"column":6},"end":{"line":66,"column":3}}}},"branchMap":{"0":{"loc":{"start":{"line":19,"column":4},"end":{"line":21,"column":null}},"type":"if","locations":[{"start":{"line":19,"column":4},"end":{"line":21,"column":null}}]},"1":{"loc":{"start":{"line":25,"column":4},"end":{"line":27,"column":null}},"type":"if","locations":[{"start":{"line":25,"column":4},"end":{"line":27,"column":null}}]},"2":{"loc":{"start":{"line":36,"column":15},"end":{"line":36,"column":26}},"type":"binary-expr","locations":[{"start":{"line":36,"column":15},"end":{"line":36,"column":20}},{"start":{"line":36,"column":24},"end":{"line":36,"column":26}}]},"3":{"loc":{"start":{"line":37,"column":21},"end":{"line":37,"column":38}},"type":"binary-expr","locations":[{"start":{"line":37,"column":21},"end":{"line":37,"column":32}},{"start":{"line":37,"column":36},"end":{"line":37,"column":38}}]}},"s":{"0":1,"1":1,"2":1,"3":1,"4":7,"5":7,"6":5,"7":5,"8":2,"9":7,"10":7,"11":2,"12":7,"13":0,"14":0,"15":0,"16":0,"17":0,"18":7,"19":0,"20":0,"21":0,"22":0,"23":7,"24":0,"25":0,"26":0,"27":0,"28":7,"29":1},"f":{"0":7,"1":5,"2":7,"3":0,"4":0,"5":0,"6":0},"b":{"0":[2],"1":[2],"2":[0,0],"3":[0,0]}}
,"F:\\My documents\\VSCodeFiles\\my_React-projects\\Technical Test - Idea Board\\Idea-Board\\IdeaBoard\\src\\components\\IdeaBoard.tsx": {"path":"F:\\My documents\\VSCodeFiles\\my_React-projects\\Technical Test - Idea Board\\Idea-Board\\IdeaBoard\\src\\components\\IdeaBoard.tsx","statementMap":{"0":{"start":{"line":1,"column":0},"end":{"line":1,"column":33}},"1":{"start":{"line":2,"column":0},"end":{"line":2,"column":36}},"2":{"start":{"line":3,"column":0},"end":{"line":3,"column":34}},"3":{"start":{"line":4,"column":0},"end":{"line":4,"column":37}},"4":{"start":{"line":5,"column":0},"end":{"line":5,"column":null}},"5":{"start":{"line":13,"column":0},"end":{"line":13,"column":null}},"6":{"start":{"line":37,"column":44},"end":{"line":135,"column":1}},"7":{"start":{"line":44,"column":34},"end":{"line":44,"column":81}},"8":{"start":{"line":45,"column":21},"end":{"line":60,"column":3}},"9":{"start":{"line":46,"column":4},"end":{"line":59,"column":null}},"10":{"start":{"line":48,"column":8},"end":{"line":48,"column":67}},"11":{"start":{"line":48,"column":35},"end":{"line":48,"column":65}},"12":{"start":{"line":50,"column":8},"end":{"line":50,"column":67}},"13":{"start":{"line":50,"column":35},"end":{"line":50,"column":65}},"14":{"start":{"line":52,"column":8},"end":{"line":56,"column":11}},"15":{"start":{"line":53,"column":24},"end":{"line":53,"column":51}},"16":{"start":{"line":54,"column":24},"end":{"line":54,"column":51}},"17":{"start":{"line":55,"column":10},"end":{"line":55,"column":71}},"18":{"start":{"line":58,"column":8},"end":{"line":58,"column":28}},"19":{"start":{"line":61,"column":32},"end":{"line":64,"column":3}},"20":{"start":{"line":62,"column":4},"end":{"line":62,"column":30}},"21":{"start":{"line":63,"column":4},"end":{"line":63,"column":76}},"22":{"start":{"line":65,"column":25},"end":{"line":65,"column":51}},"23":{"start":{"line":67,"column":2},"end":{"line":134,"column":4}},"24":{"start":{"line":82,"column":45},"end":{"line":82,"column":70}},"25":{"start":{"line":86,"column":45},"end":{"line":86,"column":74}},"26":{"start":{"line":90,"column":45},"end":{"line":90,"column":78}},"27":{"start":{"line":94,"column":45},"end":{"line":94,"column":74}},"28":{"start":{"line":106,"column":29},"end":{"line":106,"column":47}},"29":{"start":{"line":118,"column":10},"end":{"line":128,"column":null}},"30":{"start":{"line":126,"column":36},"end":{"line":126,"column":69}},"31":{"start":{"line":128,"column":14},"end":{"line":128,"column":55}},"32":{"start":{"line":137,"column":0},"end":{"line":137,"column":25}}},"fnMap":{"0":{"name":"(anonymous_0)","decl":{"start":{"line":37,"column":44},"end":{"line":37,"column":45}},"loc":{"start":{"line":42,"column":5},"end":{"line":135,"column":1}}},"1":{"name":"(anonymous_1)","decl":{"start":{"line":45,"column":21},"end":{"line":45,"column":22}},"loc":{"start":{"line":45,"column":57},"end":{"line":60,"column":3}}},"2":{"name":"(anonymous_2)","decl":{"start":{"line":48,"column":25},"end":{"line":48,"column":26}},"loc":{"start":{"line":48,"column":35},"end":{"line":48,"column":65}}},"3":{"name":"(anonymous_3)","decl":{"start":{"line":50,"column":25},"end":{"line":50,"column":26}},"loc":{"start":{"line":50,"column":35},"end":{"line":50,"column":65}}},"4":{"name":"(anonymous_4)","decl":{"start":{"line":52,"column":25},"end":{"line":52,"column":26}},"loc":{"start":{"line":52,"column":34},"end":{"line":56,"column":9}}},"5":{"name":"(anonymous_5)","decl":{"start":{"line":61,"column":32},"end":{"line":61,"column":33}},"loc":{"start":{"line":61,"column":84},"end":{"line":64,"column":3}}},"6":{"name":"(anonymous_6)","decl":{"start":{"line":82,"column":39},"end":{"line":82,"column":42}},"loc":{"start":{"line":82,"column":45},"end":{"line":82,"column":70}}},"7":{"name":"(anonymous_7)","decl":{"start":{"line":86,"column":39},"end":{"line":86,"column":42}},"loc":{"start":{"line":86,"column":45},"end":{"line":86,"column":74}}},"8":{"name":"(anonymous_8)","decl":{"start":{"line":90,"column":39},"end":{"line":90,"column":42}},"loc":{"start":{"line":90,"column":45},"end":{"line":90,"column":78}}},"9":{"name":"(anonymous_9)","decl":{"start":{"line":94,"column":39},"end":{"line":94,"column":42}},"loc":{"start":{"line":94,"column":45},"end":{"line":94,"column":74}}},"10":{"name":"(anonymous_10)","decl":{"start":{"line":106,"column":23},"end":{"line":106,"column":26}},"loc":{"start":{"line":106,"column":29},"end":{"line":106,"column":47}}},"11":{"name":"(anonymous_11)","decl":{"start":{"line":117,"column":28},"end":{"line":117,"column":29}},"loc":{"start":{"line":118,"column":10},"end":{"line":128,"column":null}}},"12":{"name":"(anonymous_12)","decl":{"start":{"line":126,"column":30},"end":{"line":126,"column":33}},"loc":{"start":{"line":126,"column":36},"end":{"line":126,"column":69}}},"13":{"name":"(anonymous_13)","decl":{"start":{"line":127,"column":28},"end":{"line":127,"column":29}},"loc":{"start":{"line":128,"column":14},"end":{"line":128,"column":55}}}},"branchMap":{"0":{"loc":{"start":{"line":46,"column":4},"end":{"line":59,"column":null}},"type":"switch","locations":[{"start":{"line":47,"column":6},"end":{"line":48,"column":67}},{"start":{"line":49,"column":6},"end":{"line":50,"column":67}},{"start":{"line":51,"column":6},"end":{"line":56,"column":11}},{"start":{"line":57,"column":6},"end":{"line":58,"column":28}}]},"1":{"loc":{"start":{"line":53,"column":24},"end":{"line":53,"column":51}},"type":"binary-expr","locations":[{"start":{"line":53,"column":24},"end":{"line":53,"column":35}},{"start":{"line":53,"column":39},"end":{"line":53,"column":51}}]},"2":{"loc":{"start":{"line":54,"column":24},"end":{"line":54,"column":51}},"type":"binary-expr","locations":[{"start":{"line":54,"column":24},"end":{"line":54,"column":35}},{"start":{"line":54,"column":39},"end":{"line":54,"column":51}}]}},"s":{"0":1,"1":1,"2":1,"3":1,"4":1,"5":1,"6":1,"7":7,"8":7,"9":7,"10":0,"11":0,"12":0,"13":0,"14":0,"15":0,"16":0,"17":0,"18":7,"19":7,"20":0,"21":0,"22":7,"23":7,"24":0,"25":0,"26":0,"27":0,"28":0,"29":2,"30":0,"31":0,"32":1},"f":{"0":7,"1":7,"2":0,"3":0,"4":0,"5":0,"6":0,"7":0,"8":0,"9":0,"10":0,"11":2,"12":0,"13":0},"b":{"0":[0,0,0,7],"1":[0,0],"2":[0,0]}}
,"F:\\My documents\\VSCodeFiles\\my_React-projects\\Technical Test - Idea Board\\Idea-Board\\IdeaBoard\\src\\components\\IdeaCard.tsx": {"path":"F:\\My documents\\VSCodeFiles\\my_React-projects\\Technical Test - Idea Board\\Idea-Board\\IdeaBoard\\src\\components\\IdeaCard.tsx","statementMap":{"0":{"start":{"line":2,"column":0},"end":{"line":2,"column":50}},"1":{"start":{"line":3,"column":0},"end":{"line":3,"column":33}},"2":{"start":{"line":4,"column":0},"end":{"line":4,"column":54}},"3":{"start":{"line":5,"column":0},"end":{"line":5,"column":57}},"4":{"start":{"line":7,"column":0},"end":{"line":7,"column":45}},"5":{"start":{"line":8,"column":0},"end":{"line":8,"column":37}},"6":{"start":{"line":9,"column":0},"end":{"line":9,"column":41}},"7":{"start":{"line":23,"column":38},"end":{"line":130,"column":1}},"8":{"start":{"line":32,"column":36},"end":{"line":32,"column":47}},"9":{"start":{"line":33,"column":36},"end":{"line":33,"column":51}},"10":{"start":{"line":39,"column":6},"end":{"line":41,"column":4}},"11":{"start":{"line":43,"column":50},"end":{"line":46,"column":3}},"12":{"start":{"line":44,"column":4},"end":{"line":44,"column":56}},"13":{"start":{"line":45,"column":4},"end":{"line":45,"column":24}},"14":{"start":{"line":48,"column":2},"end":{"line":129,"column":4}},"15":{"start":{"line":81,"column":28},"end":{"line":81,"column":46}},"16":{"start":{"line":94,"column":37},"end":{"line":94,"column":51}},"17":{"start":{"line":95,"column":14},"end":{"line":95,"column":50}},"18":{"start":{"line":96,"column":14},"end":{"line":96,"column":33}},"19":{"start":{"line":132,"column":0},"end":{"line":132,"column":24}}},"fnMap":{"0":{"name":"(anonymous_0)","decl":{"start":{"line":23,"column":38},"end":{"line":23,"column":39}},"loc":{"start":{"line":31,"column":5},"end":{"line":130,"column":1}}},"1":{"name":"(anonymous_1)","decl":{"start":{"line":43,"column":50},"end":{"line":43,"column":51}},"loc":{"start":{"line":43,"column":59},"end":{"line":46,"column":3}}},"2":{"name":"(anonymous_2)","decl":{"start":{"line":81,"column":22},"end":{"line":81,"column":25}},"loc":{"start":{"line":81,"column":28},"end":{"line":81,"column":46}}},"3":{"name":"(anonymous_3)","decl":{"start":{"line":93,"column":22},"end":{"line":93,"column":23}},"loc":{"start":{"line":93,"column":28},"end":{"line":97,"column":13}}}},"branchMap":{"0":{"loc":{"start":{"line":54,"column":11},"end":{"line":54,"column":78}},"type":"cond-expr","locations":[{"start":{"line":54,"column":27},"end":{"line":54,"column":50}},{"start":{"line":54,"column":53},"end":{"line":54,"column":78}}]},"1":{"loc":{"start":{"line":83,"column":11},"end":{"line":83,"column":99}},"type":"binary-expr","locations":[{"start":{"line":83,"column":11},"end":{"line":83,"column":23}},{"start":{"line":83,"column":28},"end":{"line":83,"column":98}}]},"2":{"loc":{"start":{"line":99,"column":11},"end":{"line":99,"column":111}},"type":"binary-expr","locations":[{"start":{"line":99,"column":11},"end":{"line":99,"column":29}},{"start":{"line":99,"column":34},"end":{"line":99,"column":110}}]},"3":{"loc":{"start":{"line":102,"column":9},"end":{"line":112,"column":null}},"type":"binary-expr","locations":[{"start":{"line":102,"column":9},"end":{"line":102,"column":18}},{"start":{"line":103,"column":10},"end":{"line":111,"column":null}}]},"4":{"loc":{"start":{"line":106,"column":15},"end":{"line":109,"column":null}},"type":"cond-expr","locations":[{"start":{"line":107,"column":16},"end":{"line":107,"column":46}},{"start":{"line":109,"column":16},"end":{"line":109,"column":55}}]},"5":{"loc":{"start":{"line":116,"column":11},"end":{"line":124,"column":null}},"type":"binary-expr","locations":[{"start":{"line":116,"column":11},"end":{"line":116,"column":20}},{"start":{"line":117,"column":12},"end":{"line":123,"column":null}}]},"6":{"loc":{"start":{"line":121,"column":24},"end":{"line":121,"column":55}},"type":"binary-expr","locations":[{"start":{"line":121,"column":24},"end":{"line":121,"column":36}},{"start":{"line":121,"column":40},"end":{"line":121,"column":55}}]}},"s":{"0":1,"1":1,"2":1,"3":1,"4":1,"5":1,"6":1,"7":1,"8":2,"9":2,"10":2,"11":2,"12":0,"13":0,"14":2,"15":0,"16":0,"17":0,"18":0,"19":1},"f":{"0":2,"1":0,"2":0,"3":0},"b":{"0":[2,0],"1":[2,0],"2":[2,0],"3":[2,0],"4":[0,0],"5":[2,0],"6":[0,0]}}
,"F:\\My documents\\VSCodeFiles\\my_React-projects\\Technical Test - Idea Board\\Idea-Board\\IdeaBoard\\src\\components\\IdeaForm.tsx": {"path":"F:\\My documents\\VSCodeFiles\\my_React-projects\\Technical Test - Idea Board\\Idea-Board\\IdeaBoard\\src\\components\\IdeaForm.tsx","statementMap":{"0":{"start":{"line":2,"column":0},"end":{"line":2,"column":57}},"1":{"start":{"line":3,"column":0},"end":{"line":3,"column":54}},"2":{"start":{"line":4,"column":0},"end":{"line":4,"column":37}},"3":{"start":{"line":5,"column":0},"end":{"line":5,"column":37}},"4":{"start":{"line":6,"column":0},"end":{"line":6,"column":48}},"5":{"start":{"line":7,"column":0},"end":{"line":7,"column":40}},"6":{"start":{"line":8,"column":0},"end":{"line":8,"column":50}},"7":{"start":{"line":17,"column":17},"end":{"line":120,"column":1}},"8":{"start":{"line":24,"column":6},"end":{"line":26,"column":4}},"9":{"start":{"line":28,"column":50},"end":{"line":33,"column":3}},"10":{"start":{"line":29,"column":35},"end":{"line":29,"column":43}},"11":{"start":{"line":30,"column":4},"end":{"line":30,"column":41}},"12":{"start":{"line":31,"column":4},"end":{"line":31,"column":12}},"13":{"start":{"line":32,"column":4},"end":{"line":32,"column":21}},"14":{"start":{"line":35,"column":28},"end":{"line":40,"column":3}},"15":{"start":{"line":36,"column":4},"end":{"line":36,"column":55}},"16":{"start":{"line":37,"column":4},"end":{"line":37,"column":20}},"17":{"start":{"line":38,"column":4},"end":{"line":38,"column":21}},"18":{"start":{"line":39,"column":4},"end":{"line":39,"column":29}},"19":{"start":{"line":42,"column":2},"end":{"line":119,"column":4}},"20":{"start":{"line":122,"column":0},"end":{"line":122,"column":24}}},"fnMap":{"0":{"name":"(anonymous_0)","decl":{"start":{"line":17,"column":17},"end":{"line":17,"column":18}},"loc":{"start":{"line":17,"column":73},"end":{"line":120,"column":1}}},"1":{"name":"(anonymous_1)","decl":{"start":{"line":28,"column":50},"end":{"line":28,"column":51}},"loc":{"start":{"line":28,"column":63},"end":{"line":33,"column":3}}},"2":{"name":"(anonymous_2)","decl":{"start":{"line":35,"column":28},"end":{"line":35,"column":31}},"loc":{"start":{"line":35,"column":33},"end":{"line":40,"column":3}}}},"branchMap":{"0":{"loc":{"start":{"line":72,"column":13},"end":{"line":73,"column":120}},"type":"binary-expr","locations":[{"start":{"line":72,"column":13},"end":{"line":72,"column":25}},{"start":{"line":73,"column":14},"end":{"line":73,"column":119}}]},"1":{"loc":{"start":{"line":92,"column":13},"end":{"line":92,"column":148}},"type":"binary-expr","locations":[{"start":{"line":92,"column":13},"end":{"line":92,"column":31}},{"start":{"line":92,"column":36},"end":{"line":92,"column":147}}]}},"s":{"0":1,"1":1,"2":1,"3":1,"4":1,"5":1,"6":1,"7":1,"8":7,"9":7,"10":0,"11":0,"12":0,"13":0,"14":7,"15":0,"16":0,"17":0,"18":0,"19":7,"20":1},"f":{"0":7,"1":0,"2":0},"b":{"0":[7,0],"1":[7,0]}}
,"F:\\My documents\\VSCodeFiles\\my_React-projects\\Technical Test - Idea Board\\Idea-Board\\IdeaBoard\\src\\components\\Navbar.tsx": {"path":"F:\\My documents\\VSCodeFiles\\my_React-projects\\Technical Test - Idea Board\\Idea-Board\\IdeaBoard\\src\\components\\Navbar.tsx","statementMap":{"0":{"start":{"line":1,"column":0},"end":{"line":1,"column":33}},"1":{"start":{"line":2,"column":0},"end":{"line":2,"column":40}},"2":{"start":{"line":3,"column":0},"end":{"line":3,"column":50}},"3":{"start":{"line":4,"column":0},"end":{"line":4,"column":37}},"4":{"start":{"line":6,"column":0},"end":{"line":6,"column":47}},"5":{"start":{"line":7,"column":0},"end":{"line":7,"column":34}},"6":{"start":{"line":13,"column":38},"end":{"line":50,"column":1}},"7":{"start":{"line":14,"column":26},"end":{"line":14,"column":41}},"8":{"start":{"line":16,"column":28},"end":{"line":18,"column":3}},"9":{"start":{"line":17,"column":4},"end":{"line":17,"column":19}},"10":{"start":{"line":20,"column":2},"end":{"line":49,"column":4}},"11":{"start":{"line":35,"column":27},"end":{"line":35,"column":40}},"12":{"start":{"line":42,"column":47},"end":{"line":42,"column":61}},"13":{"start":{"line":52,"column":0},"end":{"line":52,"column":22}}},"fnMap":{"0":{"name":"(anonymous_0)","decl":{"start":{"line":13,"column":38},"end":{"line":13,"column":39}},"loc":{"start":{"line":13,"column":63},"end":{"line":50,"column":1}}},"1":{"name":"(anonymous_1)","decl":{"start":{"line":16,"column":28},"end":{"line":16,"column":31}},"loc":{"start":{"line":16,"column":33},"end":{"line":18,"column":3}}},"2":{"name":"(anonymous_2)","decl":{"start":{"line":35,"column":21},"end":{"line":35,"column":24}},"loc":{"start":{"line":35,"column":27},"end":{"line":35,"column":40}}},"3":{"name":"(anonymous_3)","decl":{"start":{"line":42,"column":41},"end":{"line":42,"column":44}},"loc":{"start":{"line":42,"column":47},"end":{"line":42,"column":61}}}},"branchMap":{},"s":{"0":1,"1":1,"2":1,"3":1,"4":1,"5":1,"6":1,"7":7,"8":7,"9":0,"10":7,"11":0,"12":0,"13":1},"f":{"0":7,"1":0,"2":0,"3":0},"b":{}}
,"F:\\My documents\\VSCodeFiles\\my_React-projects\\Technical Test - Idea Board\\Idea-Board\\IdeaBoard\\src\\components\\theme\\theme-modal.tsx": {"path":"F:\\My documents\\VSCodeFiles\\my_React-projects\\Technical Test - Idea Board\\Idea-Board\\IdeaBoard\\src\\components\\theme\\theme-modal.tsx","statementMap":{"0":{"start":{"line":1,"column":0},"end":{"line":1,"column":33}},"1":{"start":{"line":2,"column":0},"end":{"line":2,"column":38}},"2":{"start":{"line":11,"column":2},"end":{"line":36,"column":4}},"3":{"start":{"line":21,"column":10},"end":{"line":21,"column":30}},"4":{"start":{"line":10,"column":0},"end":{"line":10,"column":24}}},"fnMap":{"0":{"name":"Modal","decl":{"start":{"line":10,"column":24},"end":{"line":10,"column":29}},"loc":{"start":{"line":10,"column":69},"end":{"line":37,"column":1}}},"1":{"name":"(anonymous_1)","decl":{"start":{"line":20,"column":17},"end":{"line":20,"column":18}},"loc":{"start":{"line":20,"column":23},"end":{"line":22,"column":9}}}},"branchMap":{"0":{"loc":{"start":{"line":16,"column":10},"end":{"line":16,"column":54}},"type":"cond-expr","locations":[{"start":{"line":16,"column":17},"end":{"line":16,"column":40}},{"start":{"line":16,"column":43},"end":{"line":16,"column":54}}]},"1":{"loc":{"start":{"line":24,"column":12},"end":{"line":24,"column":66}},"type":"cond-expr","locations":[{"start":{"line":24,"column":19},"end":{"line":24,"column":42}},{"start":{"line":24,"column":45},"end":{"line":24,"column":66}}]}},"s":{"0":1,"1":1,"2":7,"3":0,"4":1},"f":{"0":7,"1":0},"b":{"0":[0,7],"1":[0,7]}}
,"F:\\My documents\\VSCodeFiles\\my_React-projects\\Technical Test - Idea Board\\Idea-Board\\IdeaBoard\\src\\components\\theme\\theme-provider.tsx": {"path":"F:\\My documents\\VSCodeFiles\\my_React-projects\\Technical Test - Idea Board\\Idea-Board\\IdeaBoard\\src\\components\\theme\\theme-provider.tsx","statementMap":{"0":{"start":{"line":1,"column":0},"end":{"line":1,"column":71}},"1":{"start":{"line":14,"column":21},"end":{"line":17,"column":2}},"2":{"start":{"line":16,"column":18},"end":{"line":16,"column":22}},"3":{"start":{"line":19,"column":29},"end":{"line":19,"column":76}},"4":{"start":{"line":27,"column":28},"end":{"line":28,"column":null}},"5":{"start":{"line":28,"column":10},"end":{"line":28,"column":60}},"6":{"start":{"line":31,"column":2},"end":{"line":47,"column":14}},"7":{"start":{"line":32,"column":17},"end":{"line":32,"column":48}},"8":{"start":{"line":34,"column":4},"end":{"line":34,"column":43}},"9":{"start":{"line":36,"column":4},"end":{"line":44,"column":null}},"10":{"start":{"line":37,"column":26},"end":{"line":40,"column":17}},"11":{"start":{"line":42,"column":6},"end":{"line":42,"column":38}},"12":{"start":{"line":43,"column":6},"end":{"line":43,"column":13}},"13":{"start":{"line":46,"column":4},"end":{"line":46,"column":30}},"14":{"start":{"line":49,"column":16},"end":{"line":55,"column":4}},"15":{"start":{"line":52,"column":6},"end":{"line":52,"column":48}},"16":{"start":{"line":53,"column":6},"end":{"line":53,"column":22}},"17":{"start":{"line":57,"column":2},"end":{"line":61,"column":4}},"18":{"start":{"line":21,"column":0},"end":{"line":21,"column":16}},"19":{"start":{"line":64,"column":24},"end":{"line":71,"column":1}},"20":{"start":{"line":65,"column":18},"end":{"line":65,"column":50}},"21":{"start":{"line":67,"column":2},"end":{"line":68,"column":68}},"22":{"start":{"line":68,"column":4},"end":{"line":68,"column":68}},"23":{"start":{"line":70,"column":2},"end":{"line":70,"column":17}},"24":{"start":{"line":64,"column":13},"end":{"line":64,"column":24}}},"fnMap":{"0":{"name":"(anonymous_0)","decl":{"start":{"line":16,"column":12},"end":{"line":16,"column":15}},"loc":{"start":{"line":16,"column":18},"end":{"line":16,"column":22}}},"1":{"name":"ThemeProvider","decl":{"start":{"line":21,"column":16},"end":{"line":21,"column":29}},"loc":{"start":{"line":26,"column":21},"end":{"line":62,"column":1}}},"2":{"name":"(anonymous_2)","decl":{"start":{"line":28,"column":4},"end":{"line":28,"column":7}},"loc":{"start":{"line":28,"column":10},"end":{"line":28,"column":60}}},"3":{"name":"(anonymous_3)","decl":{"start":{"line":31,"column":12},"end":{"line":31,"column":15}},"loc":{"start":{"line":31,"column":17},"end":{"line":47,"column":3}}},"4":{"name":"(anonymous_4)","decl":{"start":{"line":51,"column":14},"end":{"line":51,"column":15}},"loc":{"start":{"line":51,"column":32},"end":{"line":54,"column":5}}},"5":{"name":"(anonymous_5)","decl":{"start":{"line":64,"column":24},"end":{"line":64,"column":27}},"loc":{"start":{"line":64,"column":29},"end":{"line":71,"column":1}}}},"branchMap":{"0":{"loc":{"start":{"line":23,"column":2},"end":{"line":23,"column":25}},"type":"default-arg","locations":[{"start":{"line":23,"column":17},"end":{"line":23,"column":25}}]},"1":{"loc":{"start":{"line":24,"column":2},"end":{"line":24,"column":30}},"type":"default-arg","locations":[{"start":{"line":24,"column":15},"end":{"line":24,"column":30}}]},"2":{"loc":{"start":{"line":28,"column":10},"end":{"line":28,"column":60}},"type":"binary-expr","locations":[{"start":{"line":28,"column":10},"end":{"line":28,"column":44}},{"start":{"line":28,"column":48},"end":{"line":28,"column":60}}]},"3":{"loc":{"start":{"line":36,"column":4},"end":{"line":44,"column":null}},"type":"if","locations":[{"start":{"line":36,"column":4},"end":{"line":44,"column":null}}]},"4":{"loc":{"start":{"line":37,"column":26},"end":{"line":40,"column":17}},"type":"cond-expr","locations":[{"start":{"line":39,"column":10},"end":{"line":39,"column":16}},{"start":{"line":40,"column":10},"end":{"line":40,"column":17}}]},"5":{"loc":{"start":{"line":67,"column":2},"end":{"line":68,"column":68}},"type":"if","locations":[{"start":{"line":67,"column":2},"end":{"line":68,"column":68}}]}},"s":{"0":1,"1":1,"2":0,"3":1,"4":0,"5":0,"6":0,"7":0,"8":0,"9":0,"10":0,"11":0,"12":0,"13":0,"14":0,"15":0,"16":0,"17":0,"18":1,"19":1,"20":7,"21":7,"22":0,"23":7,"24":1},"f":{"0":0,"1":0,"2":0,"3":0,"4":0,"5":7},"b":{"0":[0],"1":[0],"2":[0,0],"3":[0],"4":[0,0],"5":[0]}}
,"F:\\My documents\\VSCodeFiles\\my_React-projects\\Technical Test - Idea Board\\Idea-Board\\IdeaBoard\\src\\components\\theme\\theme-toggle.tsx": {"path":"F:\\My documents\\VSCodeFiles\\my_React-projects\\Technical Test - Idea Board\\Idea-Board\\IdeaBoard\\src\\components\\theme\\theme-toggle.tsx","statementMap":{"0":{"start":{"line":1,"column":0},"end":{"line":1,"column":41}},"1":{"start":{"line":3,"column":0},"end":{"line":3,"column":38}},"2":{"start":{"line":4,"column":0},"end":{"line":4,"column":null}},"3":{"start":{"line":10,"column":0},"end":{"line":10,"column":44}},"4":{"start":{"line":13,"column":23},"end":{"line":13,"column":33}},"5":{"start":{"line":15,"column":2},"end":{"line":36,"column":4}},"6":{"start":{"line":25,"column":41},"end":{"line":25,"column":58}},"7":{"start":{"line":28,"column":41},"end":{"line":28,"column":57}},"8":{"start":{"line":31,"column":41},"end":{"line":31,"column":59}},"9":{"start":{"line":12,"column":0},"end":{"line":12,"column":16}}},"fnMap":{"0":{"name":"ModeToggle","decl":{"start":{"line":12,"column":16},"end":{"line":12,"column":26}},"loc":{"start":{"line":12,"column":26},"end":{"line":37,"column":1}}},"1":{"name":"(anonymous_1)","decl":{"start":{"line":25,"column":35},"end":{"line":25,"column":38}},"loc":{"start":{"line":25,"column":41},"end":{"line":25,"column":58}}},"2":{"name":"(anonymous_2)","decl":{"start":{"line":28,"column":35},"end":{"line":28,"column":38}},"loc":{"start":{"line":28,"column":41},"end":{"line":28,"column":57}}},"3":{"name":"(anonymous_3)","decl":{"start":{"line":31,"column":35},"end":{"line":31,"column":38}},"loc":{"start":{"line":31,"column":41},"end":{"line":31,"column":59}}}},"branchMap":{},"s":{"0":1,"1":1,"2":1,"3":1,"4":7,"5":7,"6":0,"7":0,"8":0,"9":1},"f":{"0":7,"1":0,"2":0,"3":0},"b":{}}
,"F:\\My documents\\VSCodeFiles\\my_React-projects\\Technical Test - Idea Board\\Idea-Board\\IdeaBoard\\src\\components\\ui\\button.tsx": {"path":"F:\\My documents\\VSCodeFiles\\my_React-projects\\Technical Test - Idea Board\\Idea-Board\\IdeaBoard\\src\\components\\ui\\button.tsx","statementMap":{"0":{"start":{"line":1,"column":0},"end":{"line":1,"column":31}},"1":{"start":{"line":2,"column":0},"end":{"line":2,"column":44}},"2":{"start":{"line":3,"column":0},"end":{"line":3,"column":66}},"3":{"start":{"line":5,"column":0},"end":{"line":5,"column":37}},"4":{"start":{"line":7,"column":23},"end":{"line":37,"column":null}},"5":{"start":{"line":60,"column":17},"end":{"line":60,"column":31}},"6":{"start":{"line":46,"column":15},"end":{"line":56,"column":null}},"7":{"start":{"line":48,"column":17},"end":{"line":48,"column":42}},"8":{"start":{"line":49,"column":4},"end":{"line":55,"column":6}},"9":{"start":{"line":60,"column":9},"end":{"line":60,"column":15}},"10":{"start":{"line":58,"column":0},"end":{"line":58,"column":30}}},"fnMap":{"0":{"name":"(anonymous_0)","decl":{"start":{"line":47,"column":2},"end":{"line":47,"column":3}},"loc":{"start":{"line":47,"column":67},"end":{"line":56,"column":3}}}},"branchMap":{"0":{"loc":{"start":{"line":47,"column":31},"end":{"line":47,"column":46}},"type":"default-arg","locations":[{"start":{"line":47,"column":41},"end":{"line":47,"column":46}}]},"1":{"loc":{"start":{"line":48,"column":17},"end":{"line":48,"column":42}},"type":"cond-expr","locations":[{"start":{"line":48,"column":27},"end":{"line":48,"column":31}},{"start":{"line":48,"column":34},"end":{"line":48,"column":42}}]}},"s":{"0":1,"1":1,"2":1,"3":1,"4":1,"5":1,"6":1,"7":57,"8":57,"9":1,"10":1},"f":{"0":57},"b":{"0":[57],"1":[0,57]}}
,"F:\\My documents\\VSCodeFiles\\my_React-projects\\Technical Test - Idea Board\\Idea-Board\\IdeaBoard\\src\\components\\ui\\dropdown-menu.tsx": {"path":"F:\\My documents\\VSCodeFiles\\my_React-projects\\Technical Test - Idea Board\\Idea-Board\\IdeaBoard\\src\\components\\ui\\dropdown-menu.tsx","statementMap":{"0":{"start":{"line":1,"column":0},"end":{"line":1,"column":31}},"1":{"start":{"line":2,"column":0},"end":{"line":2,"column":71}},"2":{"start":{"line":3,"column":0},"end":{"line":3,"column":59}},"3":{"start":{"line":5,"column":0},"end":{"line":5,"column":37}},"4":{"start":{"line":7,"column":21},"end":{"line":7,"column":47}},"5":{"start":{"line":183,"column":2},"end":{"line":183,"column":14}},"6":{"start":{"line":9,"column":28},"end":{"line":9,"column":57}},"7":{"start":{"line":184,"column":2},"end":{"line":184,"column":21}},"8":{"start":{"line":11,"column":26},"end":{"line":11,"column":53}},"9":{"start":{"line":192,"column":2},"end":{"line":192,"column":19}},"10":{"start":{"line":13,"column":27},"end":{"line":13,"column":55}},"11":{"start":{"line":193,"column":2},"end":{"line":193,"column":20}},"12":{"start":{"line":15,"column":24},"end":{"line":15,"column":49}},"13":{"start":{"line":194,"column":2},"end":{"line":194,"column":17}},"14":{"start":{"line":17,"column":31},"end":{"line":17,"column":63}},"15":{"start":{"line":197,"column":2},"end":{"line":197,"column":24}},"16":{"start":{"line":19,"column":31},"end":{"line":37,"column":2}},"17":{"start":{"line":25,"column":2},"end":{"line":35,"column":null}},"18":{"start":{"line":196,"column":2},"end":{"line":196,"column":24}},"19":{"start":{"line":38,"column":0},"end":{"line":39,"column":47}},"20":{"start":{"line":41,"column":31},"end":{"line":53,"column":2}},"21":{"start":{"line":45,"column":2},"end":{"line":51,"column":null}},"22":{"start":{"line":195,"column":2},"end":{"line":195,"column":24}},"23":{"start":{"line":54,"column":0},"end":{"line":55,"column":47}},"24":{"start":{"line":57,"column":28},"end":{"line":72,"column":2}},"25":{"start":{"line":61,"column":2},"end":{"line":70,"column":null}},"26":{"start":{"line":185,"column":2},"end":{"line":185,"column":21}},"27":{"start":{"line":73,"column":0},"end":{"line":73,"column":76}},"28":{"start":{"line":75,"column":25},"end":{"line":90,"column":2}},"29":{"start":{"line":81,"column":2},"end":{"line":88,"column":null}},"30":{"start":{"line":186,"column":2},"end":{"line":186,"column":18}},"31":{"start":{"line":91,"column":0},"end":{"line":91,"column":70}},"32":{"start":{"line":93,"column":33},"end":{"line":113,"column":2}},"33":{"start":{"line":97,"column":2},"end":{"line":111,"column":null}},"34":{"start":{"line":187,"column":2},"end":{"line":187,"column":26}},"35":{"start":{"line":114,"column":0},"end":{"line":115,"column":49}},"36":{"start":{"line":117,"column":30},"end":{"line":136,"column":2}},"37":{"start":{"line":121,"column":2},"end":{"line":134,"column":null}},"38":{"start":{"line":188,"column":2},"end":{"line":188,"column":23}},"39":{"start":{"line":137,"column":0},"end":{"line":137,"column":80}},"40":{"start":{"line":139,"column":26},"end":{"line":154,"column":2}},"41":{"start":{"line":145,"column":2},"end":{"line":152,"column":null}},"42":{"start":{"line":189,"column":2},"end":{"line":189,"column":19}},"43":{"start":{"line":155,"column":0},"end":{"line":155,"column":72}},"44":{"start":{"line":157,"column":30},"end":{"line":166,"column":2}},"45":{"start":{"line":161,"column":2},"end":{"line":164,"column":null}},"46":{"start":{"line":190,"column":2},"end":{"line":190,"column":23}},"47":{"start":{"line":167,"column":0},"end":{"line":167,"column":80}},"48":{"start":{"line":169,"column":29},"end":{"line":179,"column":1}},"49":{"start":{"line":173,"column":2},"end":{"line":178,"column":4}},"50":{"start":{"line":191,"column":2},"end":{"line":191,"column":22}},"51":{"start":{"line":180,"column":0},"end":{"line":180,"column":58}}},"fnMap":{"0":{"name":"(anonymous_0)","decl":{"start":{"line":24,"column":2},"end":{"line":24,"column":3}},"loc":{"start":{"line":25,"column":2},"end":{"line":35,"column":null}}},"1":{"name":"(anonymous_1)","decl":{"start":{"line":44,"column":2},"end":{"line":44,"column":3}},"loc":{"start":{"line":45,"column":2},"end":{"line":51,"column":null}}},"2":{"name":"(anonymous_2)","decl":{"start":{"line":60,"column":2},"end":{"line":60,"column":3}},"loc":{"start":{"line":61,"column":2},"end":{"line":70,"column":null}}},"3":{"name":"(anonymous_3)","decl":{"start":{"line":80,"column":2},"end":{"line":80,"column":3}},"loc":{"start":{"line":81,"column":2},"end":{"line":88,"column":null}}},"4":{"name":"(anonymous_4)","decl":{"start":{"line":96,"column":2},"end":{"line":96,"column":3}},"loc":{"start":{"line":97,"column":2},"end":{"line":111,"column":null}}},"5":{"name":"(anonymous_5)","decl":{"start":{"line":120,"column":2},"end":{"line":120,"column":3}},"loc":{"start":{"line":121,"column":2},"end":{"line":134,"column":null}}},"6":{"name":"(anonymous_6)","decl":{"start":{"line":144,"column":2},"end":{"line":144,"column":3}},"loc":{"start":{"line":145,"column":2},"end":{"line":152,"column":null}}},"7":{"name":"(anonymous_7)","decl":{"start":{"line":160,"column":2},"end":{"line":160,"column":3}},"loc":{"start":{"line":161,"column":2},"end":{"line":164,"column":null}}},"8":{"name":"(anonymous_8)","decl":{"start":{"line":169,"column":29},"end":{"line":169,"column":30}},"loc":{"start":{"line":172,"column":44},"end":{"line":179,"column":1}}}},"branchMap":{"0":{"loc":{"start":{"line":29,"column":6},"end":{"line":29,"column":21}},"type":"binary-expr","locations":[{"start":{"line":29,"column":6},"end":{"line":29,"column":11}},{"start":{"line":29,"column":15},"end":{"line":29,"column":21}}]},"1":{"loc":{"start":{"line":60,"column":16},"end":{"line":60,"column":30}},"type":"default-arg","locations":[{"start":{"line":60,"column":29},"end":{"line":60,"column":30}}]},"2":{"loc":{"start":{"line":85,"column":6},"end":{"line":85,"column":21}},"type":"binary-expr","locations":[{"start":{"line":85,"column":6},"end":{"line":85,"column":11}},{"start":{"line":85,"column":15},"end":{"line":85,"column":21}}]},"3":{"loc":{"start":{"line":149,"column":6},"end":{"line":149,"column":21}},"type":"binary-expr","locations":[{"start":{"line":149,"column":6},"end":{"line":149,"column":11}},{"start":{"line":149,"column":15},"end":{"line":149,"column":21}}]}},"s":{"0":1,"1":1,"2":1,"3":1,"4":1,"5":1,"6":1,"7":1,"8":1,"9":1,"10":1,"11":1,"12":1,"13":1,"14":1,"15":1,"16":1,"17":0,"18":1,"19":1,"20":1,"21":0,"22":1,"23":1,"24":1,"25":14,"26":1,"27":1,"28":1,"29":0,"30":1,"31":1,"32":1,"33":0,"34":1,"35":1,"36":1,"37":0,"38":1,"39":1,"40":1,"41":0,"42":1,"43":1,"44":1,"45":0,"46":1,"47":1,"48":1,"49":0,"50":1,"51":1},"f":{"0":0,"1":0,"2":14,"3":0,"4":0,"5":0,"6":0,"7":0,"8":0},"b":{"0":[0,0],"1":[14],"2":[0,0],"3":[0,0]}}
,"F:\\My documents\\VSCodeFiles\\my_React-projects\\Technical Test - Idea Board\\Idea-Board\\IdeaBoard\\src\\components\\ui\\progress.tsx": {"path":"F:\\My documents\\VSCodeFiles\\my_React-projects\\Technical Test - Idea Board\\Idea-Board\\IdeaBoard\\src\\components\\ui\\progress.tsx","statementMap":{"0":{"start":{"line":1,"column":0},"end":{"line":1,"column":31}},"1":{"start":{"line":2,"column":0},"end":{"line":2,"column":62}},"2":{"start":{"line":4,"column":0},"end":{"line":4,"column":37}},"3":{"start":{"line":6,"column":17},"end":{"line":23,"column":2}},"4":{"start":{"line":10,"column":2},"end":{"line":21,"column":null}},"5":{"start":{"line":26,"column":9},"end":{"line":26,"column":17}},"6":{"start":{"line":24,"column":0},"end":{"line":24,"column":58}}},"fnMap":{"0":{"name":"(anonymous_0)","decl":{"start":{"line":9,"column":2},"end":{"line":9,"column":3}},"loc":{"start":{"line":10,"column":2},"end":{"line":21,"column":null}}}},"branchMap":{"0":{"loc":{"start":{"line":20,"column":48},"end":{"line":20,"column":58}},"type":"binary-expr","locations":[{"start":{"line":20,"column":48},"end":{"line":20,"column":53}},{"start":{"line":20,"column":57},"end":{"line":20,"column":58}}]}},"s":{"0":1,"1":1,"2":1,"3":1,"4":0,"5":1,"6":1},"f":{"0":0},"b":{"0":[0,0]}}
,"F:\\My documents\\VSCodeFiles\\my_React-projects\\Technical Test - Idea Board\\Idea-Board\\IdeaBoard\\src\\lib\\FakeGenerate.ts": {"path":"F:\\My documents\\VSCodeFiles\\my_React-projects\\Technical Test - Idea Board\\Idea-Board\\IdeaBoard\\src\\lib\\FakeGenerate.ts","statementMap":{"0":{"start":{"line":2,"column":0},"end":{"line":2,"column":51}},"1":{"start":{"line":5,"column":23},"end":{"line":5,"column":31}},"2":{"start":{"line":6,"column":2},"end":{"line":6,"column":62}},"3":{"start":{"line":4,"column":0},"end":{"line":4,"column":24}}},"fnMap":{"0":{"name":"generateIdeas","decl":{"start":{"line":4,"column":24},"end":{"line":4,"column":37}},"loc":{"start":{"line":4,"column":37},"end":{"line":7,"column":1}}}},"branchMap":{},"s":{"0":1,"1":0,"2":0,"3":1},"f":{"0":0},"b":{}}
,"F:\\My documents\\VSCodeFiles\\my_React-projects\\Technical Test - Idea Board\\Idea-Board\\IdeaBoard\\src\\lib\\utils.ts": {"path":"F:\\My documents\\VSCodeFiles\\my_React-projects\\Technical Test - Idea Board\\Idea-Board\\IdeaBoard\\src\\lib\\utils.ts","statementMap":{"0":{"start":{"line":1,"column":0},"end":{"line":1,"column":45}},"1":{"start":{"line":2,"column":0},"end":{"line":2,"column":41}},"2":{"start":{"line":5,"column":2},"end":{"line":5,"column":31}},"3":{"start":{"line":4,"column":0},"end":{"line":4,"column":16}}},"fnMap":{"0":{"name":"cn","decl":{"start":{"line":4,"column":16},"end":{"line":4,"column":18}},"loc":{"start":{"line":4,"column":42},"end":{"line":6,"column":1}}}},"branchMap":{},"s":{"0":1,"1":1,"2":71,"3":1},"f":{"0":71},"b":{}}
,"F:\\My documents\\VSCodeFiles\\my_React-projects\\Technical Test - Idea Board\\Idea-Board\\IdeaBoard\\src\\lib\\zodFormSchema.ts": {"path":"F:\\My documents\\VSCodeFiles\\my_React-projects\\Technical Test - Idea Board\\Idea-Board\\IdeaBoard\\src\\lib\\zodFormSchema.ts","statementMap":{"0":{"start":{"line":1,"column":0},"end":{"line":1,"column":24}},"1":{"start":{"line":3,"column":13},"end":{"line":9,"column":5}}},"fnMap":{},"branchMap":{},"s":{"0":1,"1":1},"f":{},"b":{}}
}
